<?xml version="1.0" encoding="UTF-8"?>
<testsuite xmlns:xsi="http://www.w3.org/2001/XMLSchema-instance" xsi:noNamespaceSchemaLocation="https://maven.apache.org/surefire/maven-surefire-plugin/xsd/surefire-test-report-3.0.xsd" version="3.0" name="com.module.controllers.RegistrationControllerTest" time="0.111" tests="5" errors="0" skipped="0" failures="0">
  <properties>
    <property name="gopherProxySet" value="false"/>
    <property name="awt.toolkit" value="sun.lwawt.macosx.LWCToolkit"/>
    <property name="file.encoding.pkg" value="sun.io"/>
    <property name="java.specification.version" value="1.8"/>
    <property name="sun.cpu.isalist" value=""/>
    <property name="sun.jnu.encoding" value="UTF-8"/>
    <property name="java.class.path" value="/Users/hardik/IdeaProjects/driver-onboarding/target/test-classes:/Users/hardik/IdeaProjects/driver-onboarding/target/classes:/Users/hardik/.m2/repository/io/dropwizard/dropwizard-testing/1.1.2/dropwizard-testing-1.1.2.jar:/Users/hardik/.m2/repository/org/objenesis/objenesis/2.5.1/objenesis-2.5.1.jar:/Users/hardik/.m2/repository/org/assertj/assertj-core/3.6.2/assertj-core-3.6.2.jar:/Users/hardik/.m2/repository/org/glassfish/jersey/test-framework/providers/jersey-test-framework-provider-inmemory/2.25.1/jersey-test-framework-provider-inmemory-2.25.1.jar:/Users/hardik/.m2/repository/org/glassfish/jersey/test-framework/jersey-test-framework-core/2.25.1/jersey-test-framework-core-2.25.1.jar:/Users/hardik/.m2/repository/org/glassfish/jersey/core/jersey-client/2.25.1/jersey-client-2.25.1.jar:/Users/hardik/.m2/repository/org/glassfish/hk2/external/javax.inject/2.5.0-b32/javax.inject-2.5.0-b32.jar:/Users/hardik/.m2/repository/org/mockito/mockito-core/3.11.2/mockito-core-3.11.2.jar:/Users/hardik/.m2/repository/net/bytebuddy/byte-buddy/1.11.3/byte-buddy-1.11.3.jar:/Users/hardik/.m2/repository/net/bytebuddy/byte-buddy-agent/1.11.3/byte-buddy-agent-1.11.3.jar:/Users/hardik/.m2/repository/junit/junit/4.13.2/junit-4.13.2.jar:/Users/hardik/.m2/repository/org/hamcrest/hamcrest-core/1.3/hamcrest-core-1.3.jar:/Users/hardik/.m2/repository/org/apache/commons/commons-lang3/3.13.0/commons-lang3-3.13.0.jar:/Users/hardik/.m2/repository/mysql/mysql-connector-java/8.0.28/mysql-connector-java-8.0.28.jar:/Users/hardik/.m2/repository/com/google/protobuf/protobuf-java/3.11.4/protobuf-java-3.11.4.jar:/Users/hardik/.m2/repository/com/hubspot/dropwizard/dropwizard-guice/1.3.5.0/dropwizard-guice-1.3.5.0.jar:/Users/hardik/.m2/repository/com/squarespace/jersey2-guice/jersey2-guice-impl/1.0.6/jersey2-guice-impl-1.0.6.jar:/Users/hardik/.m2/repository/com/google/inject/extensions/guice-multibindings/4.0/guice-multibindings-4.0.jar:/Users/hardik/.m2/repository/org/glassfish/jersey/containers/jersey-container-servlet-core/2.22.2/jersey-container-servlet-core-2.22.2.jar:/Users/hardik/.m2/repository/com/squarespace/jersey2-guice/0-jersey2-guice-spi/1.0.6/0-jersey2-guice-spi-1.0.6.jar:/Users/hardik/.m2/repository/com/google/code/findbugs/jsr305/3.0.1/jsr305-3.0.1.jar:/Users/hardik/.m2/repository/com/google/code/findbugs/annotations/3.0.1/annotations-3.0.1.jar:/Users/hardik/.m2/repository/io/dropwizard/dropwizard-jackson/1.3.5/dropwizard-jackson-1.3.5.jar:/Users/hardik/.m2/repository/com/fasterxml/jackson/core/jackson-core/2.15.3/jackson-core-2.15.3.jar:/Users/hardik/.m2/repository/com/fasterxml/jackson/core/jackson-databind/2.9.6/jackson-databind-2.9.6.jar:/Users/hardik/.m2/repository/com/fasterxml/jackson/datatype/jackson-datatype-guava/2.9.6/jackson-datatype-guava-2.9.6.jar:/Users/hardik/.m2/repository/com/fasterxml/jackson/datatype/jackson-datatype-jsr310/2.9.6/jackson-datatype-jsr310-2.9.6.jar:/Users/hardik/.m2/repository/com/fasterxml/jackson/datatype/jackson-datatype-jdk8/2.9.6/jackson-datatype-jdk8-2.9.6.jar:/Users/hardik/.m2/repository/com/fasterxml/jackson/module/jackson-module-parameter-names/2.9.6/jackson-module-parameter-names-2.9.6.jar:/Users/hardik/.m2/repository/com/fasterxml/jackson/module/jackson-module-afterburner/2.9.6/jackson-module-afterburner-2.9.6.jar:/Users/hardik/.m2/repository/com/fasterxml/jackson/datatype/jackson-datatype-joda/2.9.6/jackson-datatype-joda-2.9.6.jar:/Users/hardik/.m2/repository/io/dropwizard/dropwizard-jersey/1.3.5/dropwizard-jersey-1.3.5.jar:/Users/hardik/.m2/repository/org/glassfish/jersey/ext/jersey-metainf-services/2.25.1/jersey-metainf-services-2.25.1.jar:/Users/hardik/.m2/repository/org/glassfish/jersey/ext/jersey-bean-validation/2.25.1/jersey-bean-validation-2.25.1.jar:/Users/hardik/.m2/repository/io/dropwizard/metrics/metrics-jersey2/4.0.2/metrics-jersey2-4.0.2.jar:/Users/hardik/.m2/repository/com/fasterxml/jackson/jaxrs/jackson-jaxrs-json-provider/2.9.6/jackson-jaxrs-json-provider-2.9.6.jar:/Users/hardik/.m2/repository/com/fasterxml/jackson/jaxrs/jackson-jaxrs-base/2.9.6/jackson-jaxrs-base-2.9.6.jar:/Users/hardik/.m2/repository/com/fasterxml/jackson/module/jackson-module-jaxb-annotations/2.9.6/jackson-module-jaxb-annotations-2.9.6.jar:/Users/hardik/.m2/repository/org/glassfish/jersey/containers/jersey-container-servlet/2.25.1/jersey-container-servlet-2.25.1.jar:/Users/hardik/.m2/repository/org/eclipse/jetty/jetty-server/9.4.11.v20180605/jetty-server-9.4.11.v20180605.jar:/Users/hardik/.m2/repository/org/eclipse/jetty/jetty-io/9.4.11.v20180605/jetty-io-9.4.11.v20180605.jar:/Users/hardik/.m2/repository/org/eclipse/jetty/jetty-webapp/9.4.11.v20180605/jetty-webapp-9.4.11.v20180605.jar:/Users/hardik/.m2/repository/org/eclipse/jetty/jetty-xml/9.4.11.v20180605/jetty-xml-9.4.11.v20180605.jar:/Users/hardik/.m2/repository/org/eclipse/jetty/jetty-continuation/9.4.11.v20180605/jetty-continuation-9.4.11.v20180605.jar:/Users/hardik/.m2/repository/io/dropwizard/dropwizard-jetty/1.3.5/dropwizard-jetty-1.3.5.jar:/Users/hardik/.m2/repository/io/dropwizard/metrics/metrics-jetty9/4.0.2/metrics-jetty9-4.0.2.jar:/Users/hardik/.m2/repository/org/eclipse/jetty/jetty-servlet/9.4.11.v20180605/jetty-servlet-9.4.11.v20180605.jar:/Users/hardik/.m2/repository/org/eclipse/jetty/jetty-security/9.4.11.v20180605/jetty-security-9.4.11.v20180605.jar:/Users/hardik/.m2/repository/org/eclipse/jetty/jetty-servlets/9.4.11.v20180605/jetty-servlets-9.4.11.v20180605.jar:/Users/hardik/.m2/repository/org/eclipse/jetty/jetty-http/9.4.11.v20180605/jetty-http-9.4.11.v20180605.jar:/Users/hardik/.m2/repository/io/dropwizard/dropwizard-lifecycle/1.3.5/dropwizard-lifecycle-1.3.5.jar:/Users/hardik/.m2/repository/io/dropwizard/dropwizard-logging/1.3.5/dropwizard-logging-1.3.5.jar:/Users/hardik/.m2/repository/io/dropwizard/metrics/metrics-logback/4.0.2/metrics-logback-4.0.2.jar:/Users/hardik/.m2/repository/org/slf4j/jul-to-slf4j/1.7.25/jul-to-slf4j-1.7.25.jar:/Users/hardik/.m2/repository/ch/qos/logback/logback-core/1.2.3/logback-core-1.2.3.jar:/Users/hardik/.m2/repository/org/slf4j/log4j-over-slf4j/1.7.25/log4j-over-slf4j-1.7.25.jar:/Users/hardik/.m2/repository/org/slf4j/jcl-over-slf4j/1.7.25/jcl-over-slf4j-1.7.25.jar:/Users/hardik/.m2/repository/org/eclipse/jetty/jetty-util/9.4.11.v20180605/jetty-util-9.4.11.v20180605.jar:/Users/hardik/.m2/repository/io/dropwizard/dropwizard-servlets/1.3.5/dropwizard-servlets-1.3.5.jar:/Users/hardik/.m2/repository/io/dropwizard/metrics/metrics-annotation/4.0.2/metrics-annotation-4.0.2.jar:/Users/hardik/.m2/repository/io/dropwizard/metrics/metrics-core/4.0.2/metrics-core-4.0.2.jar:/Users/hardik/.m2/repository/io/dropwizard/metrics/metrics-healthchecks/4.0.2/metrics-healthchecks-4.0.2.jar:/Users/hardik/.m2/repository/com/google/inject/guice/4.1.0/guice-4.1.0.jar:/Users/hardik/.m2/repository/aopalliance/aopalliance/1.0/aopalliance-1.0.jar:/Users/hardik/.m2/repository/com/google/inject/extensions/guice-servlet/4.1.0/guice-servlet-4.1.0.jar:/Users/hardik/.m2/repository/org/glassfish/jersey/core/jersey-server/2.25.1/jersey-server-2.25.1.jar:/Users/hardik/.m2/repository/org/glassfish/jersey/core/jersey-common/2.25.1/jersey-common-2.25.1.jar:/Users/hardik/.m2/repository/org/glassfish/jersey/bundles/repackaged/jersey-guava/2.25.1/jersey-guava-2.25.1.jar:/Users/hardik/.m2/repository/org/glassfish/hk2/osgi-resource-locator/1.0.1/osgi-resource-locator-1.0.1.jar:/Users/hardik/.m2/repository/org/glassfish/jersey/media/jersey-media-jaxb/2.25.1/jersey-media-jaxb-2.25.1.jar:/Users/hardik/.m2/repository/javax/annotation/javax.annotation-api/1.2/javax.annotation-api-1.2.jar:/Users/hardik/.m2/repository/org/glassfish/hk2/hk2-locator/2.5.0-b32/hk2-locator-2.5.0-b32.jar:/Users/hardik/.m2/repository/org/glassfish/hk2/external/aopalliance-repackaged/2.5.0-b32/aopalliance-repackaged-2.5.0-b32.jar:/Users/hardik/.m2/repository/javax/validation/validation-api/1.1.0.Final/validation-api-1.1.0.Final.jar:/Users/hardik/.m2/repository/org/reflections/reflections/0.9.10/reflections-0.9.10.jar:/Users/hardik/.m2/repository/org/javassist/javassist/3.19.0-GA/javassist-3.19.0-GA.jar:/Users/hardik/.m2/repository/javax/servlet/javax.servlet-api/3.1.0/javax.servlet-api-3.1.0.jar:/Users/hardik/.m2/repository/javax/inject/javax.inject/1/javax.inject-1.jar:/Users/hardik/.m2/repository/org/slf4j/slf4j-api/1.7.25/slf4j-api-1.7.25.jar:/Users/hardik/.m2/repository/ch/qos/logback/logback-classic/1.2.3/logback-classic-1.2.3.jar:/Users/hardik/.m2/repository/org/glassfish/hk2/hk2-api/2.5.0-b32/hk2-api-2.5.0-b32.jar:/Users/hardik/.m2/repository/org/glassfish/hk2/hk2-utils/2.5.0-b32/hk2-utils-2.5.0-b32.jar:/Users/hardik/.m2/repository/javax/ws/rs/javax.ws.rs-api/2.0.1/javax.ws.rs-api-2.0.1.jar:/Users/hardik/.m2/repository/com/google/guava/guava/24.0-jre/guava-24.0-jre.jar:/Users/hardik/.m2/repository/org/checkerframework/checker-compat-qual/2.0.0/checker-compat-qual-2.0.0.jar:/Users/hardik/.m2/repository/com/google/errorprone/error_prone_annotations/2.1.3/error_prone_annotations-2.1.3.jar:/Users/hardik/.m2/repository/com/google/j2objc/j2objc-annotations/1.1/j2objc-annotations-1.1.jar:/Users/hardik/.m2/repository/org/codehaus/mojo/animal-sniffer-annotations/1.14/animal-sniffer-annotations-1.14.jar:/Users/hardik/.m2/repository/io/dropwizard/dropwizard-hibernate/1.3.21/dropwizard-hibernate-1.3.21.jar:/Users/hardik/.m2/repository/io/dropwizard/dropwizard-db/1.3.21/dropwizard-db-1.3.21.jar:/Users/hardik/.m2/repository/org/apache/tomcat/tomcat-jdbc/9.0.16/tomcat-jdbc-9.0.16.jar:/Users/hardik/.m2/repository/org/apache/tomcat/tomcat-juli/9.0.16/tomcat-juli-9.0.16.jar:/Users/hardik/.m2/repository/com/fasterxml/jackson/datatype/jackson-datatype-hibernate5/2.9.10/jackson-datatype-hibernate5-2.9.10.jar:/Users/hardik/.m2/repository/org/jadira/usertype/usertype.core/7.0.0.CR1/usertype.core-7.0.0.CR1.jar:/Users/hardik/.m2/repository/org/jadira/usertype/usertype.spi/7.0.0.CR1/usertype.spi-7.0.0.CR1.jar:/Users/hardik/.m2/repository/org/hibernate/hibernate-core/5.2.18.Final/hibernate-core-5.2.18.Final.jar:/Users/hardik/.m2/repository/org/hibernate/javax/persistence/hibernate-jpa-2.1-api/1.0.0.Final/hibernate-jpa-2.1-api-1.0.0.Final.jar:/Users/hardik/.m2/repository/antlr/antlr/2.7.7/antlr-2.7.7.jar:/Users/hardik/.m2/repository/org/jboss/spec/javax/transaction/jboss-transaction-api_1.2_spec/1.0.1.Final/jboss-transaction-api_1.2_spec-1.0.1.Final.jar:/Users/hardik/.m2/repository/org/jboss/jandex/2.0.3.Final/jandex-2.0.3.Final.jar:/Users/hardik/.m2/repository/org/dom4j/dom4j/2.1.1/dom4j-2.1.1.jar:/Users/hardik/.m2/repository/org/hibernate/common/hibernate-commons-annotations/5.0.1.Final/hibernate-commons-annotations-5.0.1.Final.jar:/Users/hardik/.m2/repository/org/projectlombok/lombok/1.18.22/lombok-1.18.22.jar:/Users/hardik/.m2/repository/io/dropwizard/dropwizard-core/1.3.21/dropwizard-core-1.3.21.jar:/Users/hardik/.m2/repository/io/dropwizard/dropwizard-util/1.3.21/dropwizard-util-1.3.21.jar:/Users/hardik/.m2/repository/joda-time/joda-time/2.10.1/joda-time-2.10.1.jar:/Users/hardik/.m2/repository/io/dropwizard/dropwizard-validation/1.3.21/dropwizard-validation-1.3.21.jar:/Users/hardik/.m2/repository/org/hibernate/hibernate-validator/5.4.3.Final/hibernate-validator-5.4.3.Final.jar:/Users/hardik/.m2/repository/org/glassfish/javax.el/3.0.0/javax.el-3.0.0.jar:/Users/hardik/.m2/repository/io/dropwizard/dropwizard-configuration/1.3.21/dropwizard-configuration-1.3.21.jar:/Users/hardik/.m2/repository/com/fasterxml/jackson/dataformat/jackson-dataformat-yaml/2.9.10/jackson-dataformat-yaml-2.9.10.jar:/Users/hardik/.m2/repository/org/yaml/snakeyaml/1.23/snakeyaml-1.23.jar:/Users/hardik/.m2/repository/org/apache/commons/commons-text/1.2/commons-text-1.2.jar:/Users/hardik/.m2/repository/io/dropwizard/dropwizard-metrics/1.3.21/dropwizard-metrics-1.3.21.jar:/Users/hardik/.m2/repository/io/dropwizard/metrics/metrics-jvm/4.0.5/metrics-jvm-4.0.5.jar:/Users/hardik/.m2/repository/io/dropwizard/metrics/metrics-jmx/4.0.5/metrics-jmx-4.0.5.jar:/Users/hardik/.m2/repository/io/dropwizard/metrics/metrics-servlets/4.0.5/metrics-servlets-4.0.5.jar:/Users/hardik/.m2/repository/io/dropwizard/metrics/metrics-json/4.0.5/metrics-json-4.0.5.jar:/Users/hardik/.m2/repository/com/papertrail/profiler/1.0.2/profiler-1.0.2.jar:/Users/hardik/.m2/repository/io/dropwizard/dropwizard-request-logging/1.3.21/dropwizard-request-logging-1.3.21.jar:/Users/hardik/.m2/repository/ch/qos/logback/logback-access/1.2.3/logback-access-1.2.3.jar:/Users/hardik/.m2/repository/net/sourceforge/argparse4j/argparse4j/0.8.1/argparse4j-0.8.1.jar:/Users/hardik/.m2/repository/org/eclipse/jetty/toolchain/setuid/jetty-setuid-java/1.0.3/jetty-setuid-java-1.0.3.jar:/Users/hardik/.m2/repository/com/fasterxml/jackson/core/jackson-annotations/2.15.3/jackson-annotations-2.15.3.jar:/Users/hardik/.m2/repository/jakarta/validation/jakarta.validation-api/2.0.2/jakarta.validation-api-2.0.2.jar:/Users/hardik/.m2/repository/org/hibernate/validator/hibernate-validator/8.0.1.Final/hibernate-validator-8.0.1.Final.jar:/Users/hardik/.m2/repository/org/jboss/logging/jboss-logging/3.4.3.Final/jboss-logging-3.4.3.Final.jar:/Users/hardik/.m2/repository/com/fasterxml/classmate/1.5.1/classmate-1.5.1.jar:"/>
    <property name="java.vm.vendor" value="Oracle Corporation"/>
    <property name="sun.arch.data.model" value="64"/>
    <property name="java.vendor.url" value="http://java.oracle.com/"/>
    <property name="user.timezone" value="Asia/Kolkata"/>
    <property name="java.vm.specification.version" value="1.8"/>
    <property name="os.name" value="Mac OS X"/>
    <property name="user.country" value="IN"/>
    <property name="sun.java.launcher" value="SUN_STANDARD"/>
    <property name="sun.boot.library.path" value="/Library/Java/JavaVirtualMachines/jdk1.8.0_291.jdk/Contents/Home/jre/lib"/>
    <property name="sun.java.command" value="/Users/hardik/IdeaProjects/driver-onboarding/target/surefire/surefirebooter-20231028045442351_3.jar /Users/hardik/IdeaProjects/driver-onboarding/target/surefire 2023-10-28T04-54-38_943-jvmRun1 surefire-20231028045442351_1tmp surefire_0-20231028045442351_2tmp"/>
    <property name="http.nonProxyHosts" value="local|*.local|169.254/16|*.169.254/16"/>
    <property name="surefire.test.class.path" value="/Users/hardik/IdeaProjects/driver-onboarding/target/test-classes:/Users/hardik/IdeaProjects/driver-onboarding/target/classes:/Users/hardik/.m2/repository/io/dropwizard/dropwizard-testing/1.1.2/dropwizard-testing-1.1.2.jar:/Users/hardik/.m2/repository/org/objenesis/objenesis/2.5.1/objenesis-2.5.1.jar:/Users/hardik/.m2/repository/org/assertj/assertj-core/3.6.2/assertj-core-3.6.2.jar:/Users/hardik/.m2/repository/org/glassfish/jersey/test-framework/providers/jersey-test-framework-provider-inmemory/2.25.1/jersey-test-framework-provider-inmemory-2.25.1.jar:/Users/hardik/.m2/repository/org/glassfish/jersey/test-framework/jersey-test-framework-core/2.25.1/jersey-test-framework-core-2.25.1.jar:/Users/hardik/.m2/repository/org/glassfish/jersey/core/jersey-client/2.25.1/jersey-client-2.25.1.jar:/Users/hardik/.m2/repository/org/glassfish/hk2/external/javax.inject/2.5.0-b32/javax.inject-2.5.0-b32.jar:/Users/hardik/.m2/repository/org/mockito/mockito-core/3.11.2/mockito-core-3.11.2.jar:/Users/hardik/.m2/repository/net/bytebuddy/byte-buddy/1.11.3/byte-buddy-1.11.3.jar:/Users/hardik/.m2/repository/net/bytebuddy/byte-buddy-agent/1.11.3/byte-buddy-agent-1.11.3.jar:/Users/hardik/.m2/repository/junit/junit/4.13.2/junit-4.13.2.jar:/Users/hardik/.m2/repository/org/hamcrest/hamcrest-core/1.3/hamcrest-core-1.3.jar:/Users/hardik/.m2/repository/org/apache/commons/commons-lang3/3.13.0/commons-lang3-3.13.0.jar:/Users/hardik/.m2/repository/mysql/mysql-connector-java/8.0.28/mysql-connector-java-8.0.28.jar:/Users/hardik/.m2/repository/com/google/protobuf/protobuf-java/3.11.4/protobuf-java-3.11.4.jar:/Users/hardik/.m2/repository/com/hubspot/dropwizard/dropwizard-guice/1.3.5.0/dropwizard-guice-1.3.5.0.jar:/Users/hardik/.m2/repository/com/squarespace/jersey2-guice/jersey2-guice-impl/1.0.6/jersey2-guice-impl-1.0.6.jar:/Users/hardik/.m2/repository/com/google/inject/extensions/guice-multibindings/4.0/guice-multibindings-4.0.jar:/Users/hardik/.m2/repository/org/glassfish/jersey/containers/jersey-container-servlet-core/2.22.2/jersey-container-servlet-core-2.22.2.jar:/Users/hardik/.m2/repository/com/squarespace/jersey2-guice/0-jersey2-guice-spi/1.0.6/0-jersey2-guice-spi-1.0.6.jar:/Users/hardik/.m2/repository/com/google/code/findbugs/jsr305/3.0.1/jsr305-3.0.1.jar:/Users/hardik/.m2/repository/com/google/code/findbugs/annotations/3.0.1/annotations-3.0.1.jar:/Users/hardik/.m2/repository/io/dropwizard/dropwizard-jackson/1.3.5/dropwizard-jackson-1.3.5.jar:/Users/hardik/.m2/repository/com/fasterxml/jackson/core/jackson-core/2.15.3/jackson-core-2.15.3.jar:/Users/hardik/.m2/repository/com/fasterxml/jackson/core/jackson-databind/2.9.6/jackson-databind-2.9.6.jar:/Users/hardik/.m2/repository/com/fasterxml/jackson/datatype/jackson-datatype-guava/2.9.6/jackson-datatype-guava-2.9.6.jar:/Users/hardik/.m2/repository/com/fasterxml/jackson/datatype/jackson-datatype-jsr310/2.9.6/jackson-datatype-jsr310-2.9.6.jar:/Users/hardik/.m2/repository/com/fasterxml/jackson/datatype/jackson-datatype-jdk8/2.9.6/jackson-datatype-jdk8-2.9.6.jar:/Users/hardik/.m2/repository/com/fasterxml/jackson/module/jackson-module-parameter-names/2.9.6/jackson-module-parameter-names-2.9.6.jar:/Users/hardik/.m2/repository/com/fasterxml/jackson/module/jackson-module-afterburner/2.9.6/jackson-module-afterburner-2.9.6.jar:/Users/hardik/.m2/repository/com/fasterxml/jackson/datatype/jackson-datatype-joda/2.9.6/jackson-datatype-joda-2.9.6.jar:/Users/hardik/.m2/repository/io/dropwizard/dropwizard-jersey/1.3.5/dropwizard-jersey-1.3.5.jar:/Users/hardik/.m2/repository/org/glassfish/jersey/ext/jersey-metainf-services/2.25.1/jersey-metainf-services-2.25.1.jar:/Users/hardik/.m2/repository/org/glassfish/jersey/ext/jersey-bean-validation/2.25.1/jersey-bean-validation-2.25.1.jar:/Users/hardik/.m2/repository/io/dropwizard/metrics/metrics-jersey2/4.0.2/metrics-jersey2-4.0.2.jar:/Users/hardik/.m2/repository/com/fasterxml/jackson/jaxrs/jackson-jaxrs-json-provider/2.9.6/jackson-jaxrs-json-provider-2.9.6.jar:/Users/hardik/.m2/repository/com/fasterxml/jackson/jaxrs/jackson-jaxrs-base/2.9.6/jackson-jaxrs-base-2.9.6.jar:/Users/hardik/.m2/repository/com/fasterxml/jackson/module/jackson-module-jaxb-annotations/2.9.6/jackson-module-jaxb-annotations-2.9.6.jar:/Users/hardik/.m2/repository/org/glassfish/jersey/containers/jersey-container-servlet/2.25.1/jersey-container-servlet-2.25.1.jar:/Users/hardik/.m2/repository/org/eclipse/jetty/jetty-server/9.4.11.v20180605/jetty-server-9.4.11.v20180605.jar:/Users/hardik/.m2/repository/org/eclipse/jetty/jetty-io/9.4.11.v20180605/jetty-io-9.4.11.v20180605.jar:/Users/hardik/.m2/repository/org/eclipse/jetty/jetty-webapp/9.4.11.v20180605/jetty-webapp-9.4.11.v20180605.jar:/Users/hardik/.m2/repository/org/eclipse/jetty/jetty-xml/9.4.11.v20180605/jetty-xml-9.4.11.v20180605.jar:/Users/hardik/.m2/repository/org/eclipse/jetty/jetty-continuation/9.4.11.v20180605/jetty-continuation-9.4.11.v20180605.jar:/Users/hardik/.m2/repository/io/dropwizard/dropwizard-jetty/1.3.5/dropwizard-jetty-1.3.5.jar:/Users/hardik/.m2/repository/io/dropwizard/metrics/metrics-jetty9/4.0.2/metrics-jetty9-4.0.2.jar:/Users/hardik/.m2/repository/org/eclipse/jetty/jetty-servlet/9.4.11.v20180605/jetty-servlet-9.4.11.v20180605.jar:/Users/hardik/.m2/repository/org/eclipse/jetty/jetty-security/9.4.11.v20180605/jetty-security-9.4.11.v20180605.jar:/Users/hardik/.m2/repository/org/eclipse/jetty/jetty-servlets/9.4.11.v20180605/jetty-servlets-9.4.11.v20180605.jar:/Users/hardik/.m2/repository/org/eclipse/jetty/jetty-http/9.4.11.v20180605/jetty-http-9.4.11.v20180605.jar:/Users/hardik/.m2/repository/io/dropwizard/dropwizard-lifecycle/1.3.5/dropwizard-lifecycle-1.3.5.jar:/Users/hardik/.m2/repository/io/dropwizard/dropwizard-logging/1.3.5/dropwizard-logging-1.3.5.jar:/Users/hardik/.m2/repository/io/dropwizard/metrics/metrics-logback/4.0.2/metrics-logback-4.0.2.jar:/Users/hardik/.m2/repository/org/slf4j/jul-to-slf4j/1.7.25/jul-to-slf4j-1.7.25.jar:/Users/hardik/.m2/repository/ch/qos/logback/logback-core/1.2.3/logback-core-1.2.3.jar:/Users/hardik/.m2/repository/org/slf4j/log4j-over-slf4j/1.7.25/log4j-over-slf4j-1.7.25.jar:/Users/hardik/.m2/repository/org/slf4j/jcl-over-slf4j/1.7.25/jcl-over-slf4j-1.7.25.jar:/Users/hardik/.m2/repository/org/eclipse/jetty/jetty-util/9.4.11.v20180605/jetty-util-9.4.11.v20180605.jar:/Users/hardik/.m2/repository/io/dropwizard/dropwizard-servlets/1.3.5/dropwizard-servlets-1.3.5.jar:/Users/hardik/.m2/repository/io/dropwizard/metrics/metrics-annotation/4.0.2/metrics-annotation-4.0.2.jar:/Users/hardik/.m2/repository/io/dropwizard/metrics/metrics-core/4.0.2/metrics-core-4.0.2.jar:/Users/hardik/.m2/repository/io/dropwizard/metrics/metrics-healthchecks/4.0.2/metrics-healthchecks-4.0.2.jar:/Users/hardik/.m2/repository/com/google/inject/guice/4.1.0/guice-4.1.0.jar:/Users/hardik/.m2/repository/aopalliance/aopalliance/1.0/aopalliance-1.0.jar:/Users/hardik/.m2/repository/com/google/inject/extensions/guice-servlet/4.1.0/guice-servlet-4.1.0.jar:/Users/hardik/.m2/repository/org/glassfish/jersey/core/jersey-server/2.25.1/jersey-server-2.25.1.jar:/Users/hardik/.m2/repository/org/glassfish/jersey/core/jersey-common/2.25.1/jersey-common-2.25.1.jar:/Users/hardik/.m2/repository/org/glassfish/jersey/bundles/repackaged/jersey-guava/2.25.1/jersey-guava-2.25.1.jar:/Users/hardik/.m2/repository/org/glassfish/hk2/osgi-resource-locator/1.0.1/osgi-resource-locator-1.0.1.jar:/Users/hardik/.m2/repository/org/glassfish/jersey/media/jersey-media-jaxb/2.25.1/jersey-media-jaxb-2.25.1.jar:/Users/hardik/.m2/repository/javax/annotation/javax.annotation-api/1.2/javax.annotation-api-1.2.jar:/Users/hardik/.m2/repository/org/glassfish/hk2/hk2-locator/2.5.0-b32/hk2-locator-2.5.0-b32.jar:/Users/hardik/.m2/repository/org/glassfish/hk2/external/aopalliance-repackaged/2.5.0-b32/aopalliance-repackaged-2.5.0-b32.jar:/Users/hardik/.m2/repository/javax/validation/validation-api/1.1.0.Final/validation-api-1.1.0.Final.jar:/Users/hardik/.m2/repository/org/reflections/reflections/0.9.10/reflections-0.9.10.jar:/Users/hardik/.m2/repository/org/javassist/javassist/3.19.0-GA/javassist-3.19.0-GA.jar:/Users/hardik/.m2/repository/javax/servlet/javax.servlet-api/3.1.0/javax.servlet-api-3.1.0.jar:/Users/hardik/.m2/repository/javax/inject/javax.inject/1/javax.inject-1.jar:/Users/hardik/.m2/repository/org/slf4j/slf4j-api/1.7.25/slf4j-api-1.7.25.jar:/Users/hardik/.m2/repository/ch/qos/logback/logback-classic/1.2.3/logback-classic-1.2.3.jar:/Users/hardik/.m2/repository/org/glassfish/hk2/hk2-api/2.5.0-b32/hk2-api-2.5.0-b32.jar:/Users/hardik/.m2/repository/org/glassfish/hk2/hk2-utils/2.5.0-b32/hk2-utils-2.5.0-b32.jar:/Users/hardik/.m2/repository/javax/ws/rs/javax.ws.rs-api/2.0.1/javax.ws.rs-api-2.0.1.jar:/Users/hardik/.m2/repository/com/google/guava/guava/24.0-jre/guava-24.0-jre.jar:/Users/hardik/.m2/repository/org/checkerframework/checker-compat-qual/2.0.0/checker-compat-qual-2.0.0.jar:/Users/hardik/.m2/repository/com/google/errorprone/error_prone_annotations/2.1.3/error_prone_annotations-2.1.3.jar:/Users/hardik/.m2/repository/com/google/j2objc/j2objc-annotations/1.1/j2objc-annotations-1.1.jar:/Users/hardik/.m2/repository/org/codehaus/mojo/animal-sniffer-annotations/1.14/animal-sniffer-annotations-1.14.jar:/Users/hardik/.m2/repository/io/dropwizard/dropwizard-hibernate/1.3.21/dropwizard-hibernate-1.3.21.jar:/Users/hardik/.m2/repository/io/dropwizard/dropwizard-db/1.3.21/dropwizard-db-1.3.21.jar:/Users/hardik/.m2/repository/org/apache/tomcat/tomcat-jdbc/9.0.16/tomcat-jdbc-9.0.16.jar:/Users/hardik/.m2/repository/org/apache/tomcat/tomcat-juli/9.0.16/tomcat-juli-9.0.16.jar:/Users/hardik/.m2/repository/com/fasterxml/jackson/datatype/jackson-datatype-hibernate5/2.9.10/jackson-datatype-hibernate5-2.9.10.jar:/Users/hardik/.m2/repository/org/jadira/usertype/usertype.core/7.0.0.CR1/usertype.core-7.0.0.CR1.jar:/Users/hardik/.m2/repository/org/jadira/usertype/usertype.spi/7.0.0.CR1/usertype.spi-7.0.0.CR1.jar:/Users/hardik/.m2/repository/org/hibernate/hibernate-core/5.2.18.Final/hibernate-core-5.2.18.Final.jar:/Users/hardik/.m2/repository/org/hibernate/javax/persistence/hibernate-jpa-2.1-api/1.0.0.Final/hibernate-jpa-2.1-api-1.0.0.Final.jar:/Users/hardik/.m2/repository/antlr/antlr/2.7.7/antlr-2.7.7.jar:/Users/hardik/.m2/repository/org/jboss/spec/javax/transaction/jboss-transaction-api_1.2_spec/1.0.1.Final/jboss-transaction-api_1.2_spec-1.0.1.Final.jar:/Users/hardik/.m2/repository/org/jboss/jandex/2.0.3.Final/jandex-2.0.3.Final.jar:/Users/hardik/.m2/repository/org/dom4j/dom4j/2.1.1/dom4j-2.1.1.jar:/Users/hardik/.m2/repository/org/hibernate/common/hibernate-commons-annotations/5.0.1.Final/hibernate-commons-annotations-5.0.1.Final.jar:/Users/hardik/.m2/repository/org/projectlombok/lombok/1.18.22/lombok-1.18.22.jar:/Users/hardik/.m2/repository/io/dropwizard/dropwizard-core/1.3.21/dropwizard-core-1.3.21.jar:/Users/hardik/.m2/repository/io/dropwizard/dropwizard-util/1.3.21/dropwizard-util-1.3.21.jar:/Users/hardik/.m2/repository/joda-time/joda-time/2.10.1/joda-time-2.10.1.jar:/Users/hardik/.m2/repository/io/dropwizard/dropwizard-validation/1.3.21/dropwizard-validation-1.3.21.jar:/Users/hardik/.m2/repository/org/hibernate/hibernate-validator/5.4.3.Final/hibernate-validator-5.4.3.Final.jar:/Users/hardik/.m2/repository/org/glassfish/javax.el/3.0.0/javax.el-3.0.0.jar:/Users/hardik/.m2/repository/io/dropwizard/dropwizard-configuration/1.3.21/dropwizard-configuration-1.3.21.jar:/Users/hardik/.m2/repository/com/fasterxml/jackson/dataformat/jackson-dataformat-yaml/2.9.10/jackson-dataformat-yaml-2.9.10.jar:/Users/hardik/.m2/repository/org/yaml/snakeyaml/1.23/snakeyaml-1.23.jar:/Users/hardik/.m2/repository/org/apache/commons/commons-text/1.2/commons-text-1.2.jar:/Users/hardik/.m2/repository/io/dropwizard/dropwizard-metrics/1.3.21/dropwizard-metrics-1.3.21.jar:/Users/hardik/.m2/repository/io/dropwizard/metrics/metrics-jvm/4.0.5/metrics-jvm-4.0.5.jar:/Users/hardik/.m2/repository/io/dropwizard/metrics/metrics-jmx/4.0.5/metrics-jmx-4.0.5.jar:/Users/hardik/.m2/repository/io/dropwizard/metrics/metrics-servlets/4.0.5/metrics-servlets-4.0.5.jar:/Users/hardik/.m2/repository/io/dropwizard/metrics/metrics-json/4.0.5/metrics-json-4.0.5.jar:/Users/hardik/.m2/repository/com/papertrail/profiler/1.0.2/profiler-1.0.2.jar:/Users/hardik/.m2/repository/io/dropwizard/dropwizard-request-logging/1.3.21/dropwizard-request-logging-1.3.21.jar:/Users/hardik/.m2/repository/ch/qos/logback/logback-access/1.2.3/logback-access-1.2.3.jar:/Users/hardik/.m2/repository/net/sourceforge/argparse4j/argparse4j/0.8.1/argparse4j-0.8.1.jar:/Users/hardik/.m2/repository/org/eclipse/jetty/toolchain/setuid/jetty-setuid-java/1.0.3/jetty-setuid-java-1.0.3.jar:/Users/hardik/.m2/repository/com/fasterxml/jackson/core/jackson-annotations/2.15.3/jackson-annotations-2.15.3.jar:/Users/hardik/.m2/repository/jakarta/validation/jakarta.validation-api/2.0.2/jakarta.validation-api-2.0.2.jar:/Users/hardik/.m2/repository/org/hibernate/validator/hibernate-validator/8.0.1.Final/hibernate-validator-8.0.1.Final.jar:/Users/hardik/.m2/repository/org/jboss/logging/jboss-logging/3.4.3.Final/jboss-logging-3.4.3.Final.jar:/Users/hardik/.m2/repository/com/fasterxml/classmate/1.5.1/classmate-1.5.1.jar:"/>
    <property name="sun.cpu.endian" value="little"/>
    <property name="user.home" value="/Users/hardik"/>
    <property name="user.language" value="en"/>
    <property name="java.specification.vendor" value="Oracle Corporation"/>
    <property name="java.home" value="/Library/Java/JavaVirtualMachines/jdk1.8.0_291.jdk/Contents/Home/jre"/>
    <property name="basedir" value="/Users/hardik/IdeaProjects/driver-onboarding"/>
    <property name="file.separator" value="/"/>
    <property name="line.separator" value="&#10;"/>
    <property name="java.vm.specification.vendor" value="Oracle Corporation"/>
    <property name="java.specification.name" value="Java Platform API Specification"/>
    <property name="java.awt.graphicsenv" value="sun.awt.CGraphicsEnvironment"/>
    <property name="surefire.real.class.path" value="/Users/hardik/IdeaProjects/driver-onboarding/target/surefire/surefirebooter-20231028045442351_3.jar"/>
    <property name="sun.boot.class.path" value="/Library/Java/JavaVirtualMachines/jdk1.8.0_291.jdk/Contents/Home/jre/lib/resources.jar:/Library/Java/JavaVirtualMachines/jdk1.8.0_291.jdk/Contents/Home/jre/lib/rt.jar:/Library/Java/JavaVirtualMachines/jdk1.8.0_291.jdk/Contents/Home/jre/lib/sunrsasign.jar:/Library/Java/JavaVirtualMachines/jdk1.8.0_291.jdk/Contents/Home/jre/lib/jsse.jar:/Library/Java/JavaVirtualMachines/jdk1.8.0_291.jdk/Contents/Home/jre/lib/jce.jar:/Library/Java/JavaVirtualMachines/jdk1.8.0_291.jdk/Contents/Home/jre/lib/charsets.jar:/Library/Java/JavaVirtualMachines/jdk1.8.0_291.jdk/Contents/Home/jre/lib/jfr.jar:/Library/Java/JavaVirtualMachines/jdk1.8.0_291.jdk/Contents/Home/jre/classes"/>
    <property name="sun.management.compiler" value="HotSpot 64-Bit Tiered Compilers"/>
    <property name="ftp.nonProxyHosts" value="local|*.local|169.254/16|*.169.254/16"/>
    <property name="java.runtime.version" value="1.8.0_291-b10"/>
    <property name="user.name" value="hardik"/>
    <property name="path.separator" value=":"/>
    <property name="os.version" value="10.16"/>
    <property name="java.endorsed.dirs" value="/Library/Java/JavaVirtualMachines/jdk1.8.0_291.jdk/Contents/Home/jre/lib/endorsed"/>
    <property name="java.runtime.name" value="Java(TM) SE Runtime Environment"/>
    <property name="file.encoding" value="UTF-8"/>
    <property name="java.vm.name" value="Java HotSpot(TM) 64-Bit Server VM"/>
    <property name="localRepository" value="/Users/hardik/.m2/repository"/>
    <property name="java.vendor.url.bug" value="http://bugreport.sun.com/bugreport/"/>
    <property name="java.io.tmpdir" value="/var/folders/dk/f8w63p910dv01wx4zs54zvj40000gn/T/"/>
    <property name="idea.version" value="2021.1.3"/>
    <property name="java.version" value="1.8.0_291"/>
    <property name="user.dir" value="/Users/hardik/IdeaProjects/driver-onboarding"/>
    <property name="os.arch" value="x86_64"/>
    <property name="java.vm.specification.name" value="Java Virtual Machine Specification"/>
    <property name="java.awt.printerjob" value="sun.lwawt.macosx.CPrinterJob"/>
    <property name="sun.os.patch.level" value="unknown"/>
    <property name="java.library.path" value="/Users/hardik/Library/Java/Extensions:/Library/Java/Extensions:/Network/Library/Java/Extensions:/System/Library/Java/Extensions:/usr/lib/java:."/>
    <property name="java.vm.info" value="mixed mode"/>
    <property name="java.vendor" value="Oracle Corporation"/>
    <property name="java.vm.version" value="25.291-b10"/>
    <property name="java.ext.dirs" value="/Users/hardik/Library/Java/Extensions:/Library/Java/JavaVirtualMachines/jdk1.8.0_291.jdk/Contents/Home/jre/lib/ext:/Library/Java/Extensions:/Network/Library/Java/Extensions:/System/Library/Java/Extensions:/usr/lib/java"/>
    <property name="sun.io.unicode.encoding" value="UnicodeBig"/>
    <property name="java.class.version" value="52.0"/>
    <property name="socksNonProxyHosts" value="local|*.local|169.254/16|*.169.254/16"/>
  </properties>
  <testcase name="testCreateUserUserExists" classname="com.module.controllers.RegistrationControllerTest" time="0.097"/>
  <testcase name="testCreateDriverDriverAlreadyRegistered" classname="com.module.controllers.RegistrationControllerTest" time="0.001"/>
  <testcase name="testCreateDriverUserNotFound" classname="com.module.controllers.RegistrationControllerTest" time="0"/>
  <testcase name="testCreateUser" classname="com.module.controllers.RegistrationControllerTest" time="0"/>
  <testcase name="testCreateDriver" classname="com.module.controllers.RegistrationControllerTest" time="0.002"/>
</testsuite>